[debug] [2023-05-28T10:16:05.436Z] ----------------------------------------------------------------------
[debug] [2023-05-28T10:16:05.441Z] Command:       /opt/homebrew/Cellar/node/19.8.1/bin/node /opt/homebrew/bin/firebase deploy --only hosting
[debug] [2023-05-28T10:16:05.441Z] CLI Version:   11.25.2
[debug] [2023-05-28T10:16:05.441Z] Platform:      darwin
[debug] [2023-05-28T10:16:05.441Z] Node Version:  v19.8.1
[debug] [2023-05-28T10:16:05.441Z] Time:          Sun May 28 2023 13:16:05 GMT+0300 (Moscow Standard Time)
[debug] [2023-05-28T10:16:05.441Z] ----------------------------------------------------------------------
[debug] 
[debug] [2023-05-28T10:16:05.486Z] > command requires scopes: ["email","openid","https://www.googleapis.com/auth/cloudplatformprojects.readonly","https://www.googleapis.com/auth/firebase","https://www.googleapis.com/auth/cloud-platform"]
[debug] [2023-05-28T10:16:05.486Z] > authorizing via signed-in user (esof.likeesof@gmail.com)
[debug] [2023-05-28T10:16:05.486Z] [iam] checking project russpassds for permissions ["firebase.projects.get","firebasehosting.sites.update"]
[debug] [2023-05-28T10:16:05.487Z] > refreshing access token with scopes: []
[debug] [2023-05-28T10:16:05.488Z] >>> [apiv2][query] POST https://www.googleapis.com/oauth2/v3/token [none]
[debug] [2023-05-28T10:16:05.488Z] >>> [apiv2][body] POST https://www.googleapis.com/oauth2/v3/token [omitted]
[debug] [2023-05-28T10:16:05.904Z] <<< [apiv2][status] POST https://www.googleapis.com/oauth2/v3/token 200
[debug] [2023-05-28T10:16:05.904Z] <<< [apiv2][body] POST https://www.googleapis.com/oauth2/v3/token [omitted]
[debug] [2023-05-28T10:16:05.932Z] >>> [apiv2][query] POST https://cloudresourcemanager.googleapis.com/v1/projects/russpassds:testIamPermissions [none]
[debug] [2023-05-28T10:16:05.934Z] >>> [apiv2][(partial)header] POST https://cloudresourcemanager.googleapis.com/v1/projects/russpassds:testIamPermissions x-goog-quota-user=projects/russpassds
[debug] [2023-05-28T10:16:05.934Z] >>> [apiv2][body] POST https://cloudresourcemanager.googleapis.com/v1/projects/russpassds:testIamPermissions {"permissions":["firebase.projects.get","firebasehosting.sites.update"]}
[debug] [2023-05-28T10:16:07.002Z] <<< [apiv2][status] POST https://cloudresourcemanager.googleapis.com/v1/projects/russpassds:testIamPermissions 200
[debug] [2023-05-28T10:16:07.002Z] <<< [apiv2][body] POST https://cloudresourcemanager.googleapis.com/v1/projects/russpassds:testIamPermissions {}
[debug] [2023-05-28T10:16:07.003Z] [iam] error while checking permissions, command may fail: FirebaseError: Authorization failed. This account is missing the following required permissions on project russpassds:

  firebase.projects.get
  firebasehosting.sites.update
[debug] [2023-05-28T10:16:07.004Z] >>> [apiv2][query] GET https://firebase.googleapis.com/v1beta1/projects/russpassds [none]
[debug] [2023-05-28T10:16:07.805Z] <<< [apiv2][status] GET https://firebase.googleapis.com/v1beta1/projects/russpassds 403
[debug] [2023-05-28T10:16:07.806Z] <<< [apiv2][body] GET https://firebase.googleapis.com/v1beta1/projects/russpassds {"error":{"code":403,"message":"The caller does not have permission","status":"PERMISSION_DENIED"}}
[debug] [2023-05-28T10:16:07.808Z] HTTP Error: 403, The caller does not have permission
[debug] [2023-05-28T10:16:08.069Z] FirebaseError: HTTP Error: 403, The caller does not have permission
    at responseToError (/opt/homebrew/lib/node_modules/firebase-tools/lib/responseToError.js:49:12)
    at RetryOperation._fn (/opt/homebrew/lib/node_modules/firebase-tools/lib/apiv2.js:288:77)
    at process.processTicksAndRejections (node:internal/process/task_queues:95:5)
[error] 
[error] Error: Failed to get Firebase project russpassds. Please make sure the project exists and your account has permission to access it.
